<?xml version="1.0" encoding="UTF-8"?>
<!-- Generated by org.testng.reporters.JUnitReportReporter -->
<testsuite hostname="LAPTOP-0NUUCPCM" failures="0" tests="10" name="testCases.ProductTest" time="8.637" errors="0" timestamp="2025-03-24T00:23:48 IST" skipped="0">
  <testcase classname="testCases.ProductTest" name="testAddProduct" time="0.905"/>
  <system-out/>
  <testcase classname="testCases.ProductTest" name="testGetSortedProductAsc" time="0.751"/>
  <system-out/>
  <testcase classname="testCases.ProductTest" name="testDeleteProduct" time="0.706"/>
  <system-out/>
  <testcase classname="testCases.ProductTest" name="testGetProductById" time="0.640"/>
  <system-out/>
  <testcase classname="testCases.ProductTest" name="testGetProductByCategories" time="0.711"/>
  <system-out/>
  <testcase classname="testCases.ProductTest" name="testGetAllCategories" time="0.548"/>
  <system-out/>
  <testcase classname="testCases.ProductTest" name="testUpdateProduct" time="0.544"/>
  <system-out/>
  <testcase classname="testCases.ProductTest" name="testGetLimitedProduct" time="0.653"/>
  <system-out/>
  <testcase classname="testCases.ProductTest" name="testGetSortedProductsDesc" time="0.654"/>
  <system-out/>
  <testcase classname="testCases.ProductTest" name="testGetAllProducts" time="2.525"/>
  <system-out/>
</testsuite> <!-- testCases.ProductTest -->
