<?xml version="1.0" encoding="UTF-8"?>
<!-- Generated by org.testng.reporters.JUnitReportReporter -->
<testsuite hostname="LAPTOP-0NUUCPCM" failures="0" tests="10" name="testCases.ProductTest" time="10.074" errors="0" timestamp="2025-03-24T01:44:57 IST" skipped="0">
  <testcase classname="testCases.ProductTest" name="testGetLimitedProduct" time="0.644"/>
  <system-out/>
  <testcase classname="testCases.ProductTest" name="testGetSortedProductAsc" time="0.539"/>
  <system-out/>
  <testcase classname="testCases.ProductTest" name="testGetAllCategories" time="1.041"/>
  <system-out/>
  <testcase classname="testCases.ProductTest" name="testGetProductByCategories" time="0.734"/>
  <system-out/>
  <testcase classname="testCases.ProductTest" name="testAddProduct" time="1.621"/>
  <system-out/>
  <testcase classname="testCases.ProductTest" name="testGetProductById" time="0.592"/>
  <system-out/>
  <testcase classname="testCases.ProductTest" name="testUpdateProduct" time="0.555"/>
  <system-out/>
  <testcase classname="testCases.ProductTest" name="testDeleteProduct" time="0.544"/>
  <system-out/>
  <testcase classname="testCases.ProductTest" name="testGetSortedProductsDesc" time="0.601"/>
  <system-out/>
  <testcase classname="testCases.ProductTest" name="testGetAllProducts" time="3.203"/>
  <system-out/>
</testsuite> <!-- testCases.ProductTest -->
